<?xml version="1.0" encoding="UTF-8"?>
<!-- Generated by org.testng.reporters.JUnitReportReporter -->
<testsuite hostname="QPaaSICNL1030" name="com.tests.AppiumTest" tests="1" failures="0" timestamp="17 May 2018 13:26:50 GMT" time="33.691" errors="0">
  <testcase name="validateProductCheckout" time="33.691" classname="com.tests.AppiumTest"/>
</testsuite> <!-- com.tests.AppiumTest -->
