<?xml version="1.0" encoding="UTF-8"?>
<!-- Generated by org.testng.reporters.JUnitReportReporter -->
<testsuite hostname="QPaaSICNL1030" name="com.tests.AppiumTest" tests="1" failures="0" timestamp="18 May 2018 05:22:41 GMT" time="43.608" errors="0">
  <testcase name="validateProductCheckout" time="43.608" classname="com.tests.AppiumTest"/>
</testsuite> <!-- com.tests.AppiumTest -->
